[debug] [2023-05-15T04:51:55.093Z] ----------------------------------------------------------------------
[debug] [2023-05-15T04:51:55.095Z] Command:       C:\Program Files\nodejs\node.exe C:\Users\ASUS\AppData\Roaming\npm\node_modules\firebase-tools\lib\bin\firebase.js init
[debug] [2023-05-15T04:51:55.095Z] CLI Version:   11.25.2
[debug] [2023-05-15T04:51:55.096Z] Platform:      win32
[debug] [2023-05-15T04:51:55.096Z] Node Version:  v16.16.0
[debug] [2023-05-15T04:51:55.096Z] Time:          Mon May 15 2023 11:51:55 GMT+0700 (Western Indonesia Time)
[debug] [2023-05-15T04:51:55.097Z] ----------------------------------------------------------------------
[debug] 
[debug] [2023-05-15T04:51:55.103Z] > command requires scopes: ["email","openid","https://www.googleapis.com/auth/cloudplatformprojects.readonly","https://www.googleapis.com/auth/firebase","https://www.googleapis.com/auth/cloud-platform"]
[debug] [2023-05-15T04:51:55.103Z] > authorizing via signed-in user (rickywijayatatando@gmail.com)
[info] 
     ######## #### ########  ######## ########     ###     ######  ########
     ##        ##  ##     ## ##       ##     ##  ##   ##  ##       ##
     ######    ##  ########  ######   ########  #########  ######  ######
     ##        ##  ##    ##  ##       ##     ## ##     ##       ## ##
     ##       #### ##     ## ######## ########  ##     ##  ######  ########

You're about to initialize a Firebase project in this directory:

  D:\netflix-clone-2.0\src\utils

[info] 
=== Project Setup
[info] 
[info] First, let's associate this project directory with a Firebase project.
[info] You can create multiple project aliases by running firebase use --add, 
[info] but for now we'll just set up a default project.
[info] 
[debug] [2023-05-15T04:52:16.270Z] > refreshing access token with scopes: []
[debug] [2023-05-15T04:52:16.272Z] >>> [apiv2][query] POST https://www.googleapis.com/oauth2/v3/token [none]
[debug] [2023-05-15T04:52:16.272Z] >>> [apiv2][body] POST https://www.googleapis.com/oauth2/v3/token [omitted]
[debug] [2023-05-15T04:52:16.528Z] <<< [apiv2][status] POST https://www.googleapis.com/oauth2/v3/token 200
[debug] [2023-05-15T04:52:16.528Z] <<< [apiv2][body] POST https://www.googleapis.com/oauth2/v3/token [omitted]
[debug] [2023-05-15T04:52:16.537Z] >>> [apiv2][query] GET https://firebase.googleapis.com/v1beta1/projects pageSize=100
[debug] [2023-05-15T04:52:17.273Z] <<< [apiv2][status] GET https://firebase.googleapis.com/v1beta1/projects 200
[debug] [2023-05-15T04:52:17.273Z] <<< [apiv2][body] GET https://firebase.googleapis.com/v1beta1/projects [omitted]
[info] i  Using project reactnetflix-clone (reactnetflix-clone) 
[info] 
=== Hosting Setup
[info] 
[info] Your public directory is the folder (relative to your project directory) that
[info] will contain Hosting assets to be uploaded with firebase deploy. If you
[info] have a build process for your assets, use your build's output directory.
[info] 
